<?xml version="1.0" encoding="UTF-8"?>
<!-- Generated by org.testng.reporters.JUnitXMLReporter -->
<testsuite ignored="0" hostname="Ram" failures="1" tests="2" name="Test(failed)" time="0.05" errors="0" timestamp="2022-08-26T01:06:27 IST">
  <testcase classname="testNG.LaunchGmailUsingParameters" name="@BeforeTest browserTest" time="-1.661456187359E9">
    <failure type="org.testng.TestNGException" message="
Parameter &amp;apos;browser&amp;apos; is required by BeforeTest on method browserTest but has not been marked @Optional or defined
in C:\Users\RAM V. MARSHIVANE\eclipse-workspace\JavaProject\target\surefire-reports\testng-failed.xml">
      <![CDATA[org.testng.TestNGException: 
Parameter 'browser' is required by BeforeTest on method browserTest but has not been marked @Optional or defined
in C:\Users\RAM V. MARSHIVANE\eclipse-workspace\JavaProject\target\surefire-reports\testng-failed.xml
... Removed 21 stack frames]]>
    </failure>
  </testcase> <!-- @BeforeTest browserTest -->
  <testcase classname="testNG.LaunchGmailUsingParameters" name="getTitle" time="0.0">
    <skipped/>
  </testcase> <!-- getTitle -->
  <testcase classname="testNG.Parameter" name="f" time="0.0">
    <failure type="org.testng.TestNGException" message="
Parameter &amp;apos;Smoke&amp;apos; is required by @Test on method f but has not been marked @Optional or defined
in C:\Users\RAM V. MARSHIVANE\eclipse-workspace\JavaProject\target\surefire-reports\testng-failed.xml">
      <![CDATA[org.testng.TestNGException: 
Parameter 'Smoke' is required by @Test on method f but has not been marked @Optional or defined
in C:\Users\RAM V. MARSHIVANE\eclipse-workspace\JavaProject\target\surefire-reports\testng-failed.xml
at java.base/java.util.ArrayList.forEach(ArrayList.java:1511)
... Removed 26 stack frames]]>
    </failure>
  </testcase> <!-- f -->
</testsuite> <!-- Test(failed) -->
